#
# There is insufficient memory for the Java Runtime Environment to continue.
# Native memory allocation (mmap) failed to map 266338304 bytes. Error detail: G1 virtual space
# Possible reasons:
#   The system is out of physical RAM or swap space
#   This process is running with CompressedOops enabled, and the Java Heap may be blocking the growth of the native heap
# Possible solutions:
#   Reduce memory load on the system
#   Increase physical memory or swap space
#   Check if swap backing store is full
#   Decrease Java heap size (-Xmx/-Xms)
#   Decrease number of Java threads
#   Decrease Java thread stack sizes (-Xss)
#   Set larger code cache with -XX:ReservedCodeCacheSize=
#   JVM is running with Zero Based Compressed Oops mode in which the Java heap is
#     placed in the first 32GB address space. The Java Heap base address is the
#     maximum limit for the native heap growth. Please use -XX:HeapBaseMinAddress
#     to set the Java Heap base and to place the Java Heap above 32GB virtual address.
# This output file may be truncated or incomplete.
#
#  Out of Memory Error (os_windows.cpp:3703), pid=7124, tid=10976
#
# JRE version:  (23.0.1+11) (build )
# Java VM: Java HotSpot(TM) 64-Bit Server VM (23.0.1+11-39, mixed mode, sharing, tiered, compressed oops, compressed class ptrs, g1 gc, windows-amd64)
# No core dump will be written. Minidumps are not enabled by default on client versions of Windows
#

---------------  S U M M A R Y ------------

Command Line: -Dnet.bytebuddy.agent.attacher.dump= net.bytebuddy.agent.Attacher com.sun.tools.attach.VirtualMachine 2136 C:\Users\Yousef\.m2\repository\net\bytebuddy\byte-buddy-agent\1.15.10\byte-buddy-agent-1.15.10.jar false 

Host: Intel(R) Core(TM) i7-7600U CPU @ 2.80GHz, 4 cores, 15G,  Windows 10 , 64 bit Build 19041 (10.0.19041.5072)
Time: Wed Dec  4 04:24:43 2024 Egypt Standard Time elapsed time: 0.017441 seconds (0d 0h 0m 0s)

---------------  T H R E A D  ---------------

Current thread (0x0000019d7fb8f640):  JavaThread "Unknown thread" [_thread_in_vm, id=10976, stack(0x0000009562f00000,0x0000009563000000) (1024K)]

Stack: [0x0000009562f00000,0x0000009563000000]
Native frames: (J=compiled Java code, j=interpreted, Vv=VM code, C=native code)
V  [jvm.dll+0x6e08b9]  (no source info available)
V  [jvm.dll+0x87dc83]  (no source info available)
V  [jvm.dll+0x88010e]  (no source info available)
V  [jvm.dll+0x8807e3]  (no source info available)
V  [jvm.dll+0x27aee6]  (no source info available)
V  [jvm.dll+0x6dd1c5]  (no source info available)
V  [jvm.dll+0x6d104a]  (no source info available)
V  [jvm.dll+0x35b3ea]  (no source info available)
V  [jvm.dll+0x3637f6]  (no source info available)
V  [jvm.dll+0x34fd5e]  (no source info available)
V  [jvm.dll+0x34fff8]  (no source info available)
V  [jvm.dll+0x3289cc]  (no source info available)
V  [jvm.dll+0x32966e]  (no source info available)
V  [jvm.dll+0x844355]  (no source info available)
V  [jvm.dll+0x3b9848]  (no source info available)
V  [jvm.dll+0x82d14c]  (no source info available)
V  [jvm.dll+0x454d4e]  (no source info available)
V  [jvm.dll+0x456bd1]  (no source info available)
C  [jli.dll+0x52a3]  (no source info available)
C  [ucrtbase.dll+0x21bb2]  (no source info available)
C  [KERNEL32.DLL+0x17374]  (no source info available)
C  [ntdll.dll+0x4cc91]  (no source info available)

Lock stack of current Java thread (top to bottom):


---------------  P R O C E S S  ---------------

Threads class SMR info:
_java_thread_list=0x00007ff9742a3618, length=0, elements={
}

Java Threads: ( => current thread )
Total: 0

Other Threads:
  0x0000019d01dc90e0 WorkerThread "GC Thread#0"                     [id=11532, stack(0x0000009563000000,0x0000009563100000) (1024K)]
  0x0000019d01dddfc0 ConcurrentGCThread "G1 Main Marker"            [id=16480, stack(0x0000009563100000,0x0000009563200000) (1024K)]
  0x0000019d01ddf270 WorkerThread "G1 Conc#0"                       [id=11764, stack(0x0000009563200000,0x0000009563300000) (1024K)]

[error occurred during error reporting (printing all threads), id 0xc0000005, EXCEPTION_ACCESS_VIOLATION (0xc0000005) at pc=0x00007ff9739ebfba]
VM state: not at safepoint (not fully initialized)

VM Mutex/Monitor currently owned by a thread:  ([mutex/lock_event])
[0x00007ff974323a10] Heap_lock - owner thread: 0x0000019d7fb8f640

Heap address: 0x0000000702800000, size: 4056 MB, Compressed Oops mode: Zero based, Oop shift amount: 3

CDS archive(s) mapped at: [0x0000000000000000-0x0000000000000000-0x0000000000000000), size 0, SharedBaseAddress: 0x0000000800000000, ArchiveRelocationMode: 1.
Narrow klass base: 0x0000000000000000, Narrow klass shift: 0, Narrow klass range: 0x0

GC Precious Log:
 CardTable entry size: 512
 Card Set container configuration: InlinePtr #cards 4 size 8 Array Of Cards #cards 16 size 48 Howl #buckets 8 coarsen threshold 3686 Howl Bitmap #cards 512 size 80 coarsen threshold 460 Card regions per heap region 1 cards per card region 4096

Heap:
 garbage-first heap   total reserved 4153344K, committed 0K, used 0K [0x0000000702800000, 0x0000000800000000)
  region size 2048K, 0 young (0K), 0 survivors (0K)

[error occurred during error reporting (printing heap information), id 0xc0000005, EXCEPTION_ACCESS_VIOLATION (0xc0000005) at pc=0x00007ff973dec3c9]
GC Heap History (0 events):
No events

Dll operation events (1 events):
Event: 0.011 Loaded shared library C:\Program Files\Java\jdk-23\bin\java.dll

Deoptimization events (0 events):
No events

Classes loaded (0 events):
No events

Classes unloaded (0 events):
No events

Classes redefined (0 events):
No events

Internal exceptions (0 events):
No events

VM Operations (0 events):
No events

Memory protections (0 events):
No events

Nmethod flushes (0 events):
No events

Events (0 events):
No events


Dynamic libraries:
0x00007ff64f9c0000 - 0x00007ff64f9d0000 	C:\Program Files\Java\jdk-23\bin\java.exe
0x00007ffa2b730000 - 0x00007ffa2b928000 	C:\WINDOWS\SYSTEM32\ntdll.dll
0x00007ffa29750000 - 0x00007ffa29812000 	C:\WINDOWS\System32\KERNEL32.DLL
0x00007ffa29450000 - 0x00007ffa2974e000 	C:\WINDOWS\System32\KERNELBASE.dll
0x00007ffa28ee0000 - 0x00007ffa28fe0000 	C:\WINDOWS\System32\ucrtbase.dll
0x00007ffa01af0000 - 0x00007ffa01b0b000 	C:\Program Files\Java\jdk-23\bin\VCRUNTIME140.dll
0x00007ffa02350000 - 0x00007ffa02367000 	C:\Program Files\Java\jdk-23\bin\jli.dll
0x00007ffa2b550000 - 0x00007ffa2b6ed000 	C:\WINDOWS\System32\USER32.dll
0x00007ffa29300000 - 0x00007ffa29322000 	C:\WINDOWS\System32\win32u.dll
0x00007ffa2a110000 - 0x00007ffa2a13b000 	C:\WINDOWS\System32\GDI32.dll
0x00007ffa291e0000 - 0x00007ffa292f7000 	C:\WINDOWS\System32\gdi32full.dll
0x00007ffa28fe0000 - 0x00007ffa2907d000 	C:\WINDOWS\System32\msvcp_win.dll
0x00007ffa10f90000 - 0x00007ffa1122a000 	C:\WINDOWS\WinSxS\amd64_microsoft.windows.common-controls_6595b64144ccf1df_6.0.19041.4355_none_60b8b9eb71f62e16\COMCTL32.dll
0x00007ffa2a070000 - 0x00007ffa2a10e000 	C:\WINDOWS\System32\msvcrt.dll
0x00007ffa2b0b0000 - 0x00007ffa2b0df000 	C:\WINDOWS\System32\IMM32.DLL
0x00007ffa16dd0000 - 0x00007ffa16ddc000 	C:\Program Files\Java\jdk-23\bin\vcruntime140_1.dll
0x00007ff9a0710000 - 0x00007ff9a079e000 	C:\Program Files\Java\jdk-23\bin\msvcp140.dll
0x00007ff9736b0000 - 0x00007ff9743ff000 	C:\Program Files\Java\jdk-23\bin\server\jvm.dll
0x00007ffa29b40000 - 0x00007ffa29bf1000 	C:\WINDOWS\System32\ADVAPI32.dll
0x00007ffa2b0f0000 - 0x00007ffa2b18f000 	C:\WINDOWS\System32\sechost.dll
0x00007ffa29d90000 - 0x00007ffa29eb3000 	C:\WINDOWS\System32\RPCRT4.dll
0x00007ffa28e20000 - 0x00007ffa28e47000 	C:\WINDOWS\System32\bcrypt.dll
0x00007ffa298c0000 - 0x00007ffa2992b000 	C:\WINDOWS\System32\WS2_32.dll
0x00007ffa28360000 - 0x00007ffa283ab000 	C:\WINDOWS\SYSTEM32\POWRPROF.dll
0x00007ffa0a800000 - 0x00007ffa0a827000 	C:\WINDOWS\SYSTEM32\WINMM.dll
0x00007ffa1fc40000 - 0x00007ffa1fc4a000 	C:\WINDOWS\SYSTEM32\VERSION.dll
0x00007ffa281d0000 - 0x00007ffa281e2000 	C:\WINDOWS\SYSTEM32\UMPDC.dll
0x00007ffa27640000 - 0x00007ffa27652000 	C:\WINDOWS\SYSTEM32\kernel.appcore.dll
0x00007ffa140b0000 - 0x00007ffa140ba000 	C:\Program Files\Java\jdk-23\bin\jimage.dll
0x00007ffa11c60000 - 0x00007ffa11e44000 	C:\WINDOWS\SYSTEM32\DBGHELP.DLL
0x00007ffa11a40000 - 0x00007ffa11a74000 	C:\WINDOWS\SYSTEM32\dbgcore.DLL
0x00007ffa28e50000 - 0x00007ffa28ed2000 	C:\WINDOWS\System32\bcryptPrimitives.dll
0x00007ffa16de0000 - 0x00007ffa16dfe000 	C:\Program Files\Java\jdk-23\bin\java.dll
0x00007ffa29c60000 - 0x00007ffa29d8b000 	C:\WINDOWS\System32\ole32.dll
0x00007ffa2b1f0000 - 0x00007ffa2b543000 	C:\WINDOWS\System32\combase.dll
0x00007ffa2a700000 - 0x00007ffa2ae6d000 	C:\WINDOWS\System32\SHELL32.dll

dbghelp: loaded successfully - version: 4.0.5 - missing functions: none
symbol engine: initialized successfully - sym options: 0x614 - pdb path: .;C:\Program Files\Java\jdk-23\bin;C:\WINDOWS\SYSTEM32;C:\WINDOWS\WinSxS\amd64_microsoft.windows.common-controls_6595b64144ccf1df_6.0.19041.4355_none_60b8b9eb71f62e16;C:\Program Files\Java\jdk-23\bin\server

VM Arguments:
jvm_args: -Dnet.bytebuddy.agent.attacher.dump= 
java_command: net.bytebuddy.agent.Attacher com.sun.tools.attach.VirtualMachine 2136 C:\Users\Yousef\.m2\repository\net\bytebuddy\byte-buddy-agent\1.15.10\byte-buddy-agent-1.15.10.jar false 
java_class_path (initial): C:\Users\Yousef\.m2\repository\net\bytebuddy\byte-buddy-agent\1.15.10\byte-buddy-agent-1.15.10.jar
Launcher Type: SUN_STANDARD

[Global flags]
     intx CICompilerCount                          = 3                                         {product} {ergonomic}
     uint ConcGCThreads                            = 1                                         {product} {ergonomic}
     uint G1ConcRefinementThreads                  = 4                                         {product} {ergonomic}
   size_t G1HeapRegionSize                         = 2097152                                   {product} {ergonomic}
   size_t InitialHeapSize                          = 266338304                                 {product} {ergonomic}
   size_t MarkStackSize                            = 4194304                                   {product} {ergonomic}
   size_t MarkStackSizeMax                         = 536870912                                 {product} {ergonomic}
   size_t MaxHeapSize                              = 4253024256                                {product} {ergonomic}
   size_t MinHeapDeltaBytes                        = 2097152                                   {product} {ergonomic}
   size_t MinHeapSize                              = 8388608                                   {product} {ergonomic}
    uintx NonNMethodCodeHeapSize                   = 5832704                                {pd product} {ergonomic}
    uintx NonProfiledCodeHeapSize                  = 122945536                              {pd product} {ergonomic}
    uintx ProfiledCodeHeapSize                     = 122880000                              {pd product} {ergonomic}
    uintx ReservedCodeCacheSize                    = 251658240                              {pd product} {ergonomic}
     bool SegmentedCodeCache                       = true                                      {product} {ergonomic}
   size_t SoftMaxHeapSize                          = 4253024256                             {manageable} {ergonomic}
     bool UseCompressedOops                        = true                           {product lp64_product} {ergonomic}
     bool UseG1GC                                  = true                                      {product} {ergonomic}
     bool UseLargePagesIndividualAllocation        = false                                  {pd product} {ergonomic}

Logging:
Log output configuration:
 #0: stdout all=warning uptime,level,tags foldmultilines=false
 #1: stderr all=off uptime,level,tags foldmultilines=false

Environment Variables:
JAVA_HOME=C:\Program Files\Java\jdk-23
PATH=C:\Program Files\Common Files\Oracle\Java\javapath;C:\Program Files\Python38\Scripts\;C:\Program Files\Python38\;C:\WINDOWS\system32;C:\WINDOWS;C:\WINDOWS\System32\Wbem;C:\WINDOWS\System32\WindowsPowerShell\v1.0\;C:\WINDOWS\System32\OpenSSH\;C:\ProgramData\chocolatey\bin;C:\Program Files\PostgreSQL\16\bin;C:\Users\Yousef\AppData\Local\Programs\Python\Python3.12\Scripts;C:\Program Files\nodejs\;C:\Program Files (x86)\Java\jre-1.8\bin;C:\Program Files\Git\cmd;C:\Users\Yousef\anaconda3;C:\Users\Yousef\anaconda3\Library\mingw-w64\bin;C:\Users\Yousef\anaconda3\Library\usr\bin;C:\Users\Yousef\anaconda3\Library\bin;C:\Users\Yousef\anaconda3\Scripts;C:\Users\Yousef\AppData\Local\Programs\Python\Python312\Scripts\;C:\Users\Yousef\AppData\Local\Programs\Python\Python312\;C:\Program Files\Common Files\Oracle\Java\javapath;C:\Program Files\Python38\Scripts\;C:\Program Files\Python38\;C:\WINDOWS\system32;C:\WINDOWS;C:\WINDOWS\System32\Wbem;C:\WINDOWS\System32\WindowsPowerShell\v1.0\;C:\WINDOWS\System32\OpenSSH\;C:\ProgramData\chocolatey\bin;C:\apache-maven-3.6.3\bin;C:\Program Files\PostgreSQL\16\bin;C:\Users\Yousef\AppData\Local\Programs\Python\Python3.12\Scripts;C:\Program Files\nodejs\;C:\Program Files (x86)\Java\jre-1.8\bin;C:\Program Files\Git\cmd;C:\Users\Yousef\AppData\Local\Programs\Python\Launcher\;C:\Program Files\Python38\Scripts\;C:\Program Files\Python38\;C:\WINDOWS\system32;C:\WINDOWS;C:\WINDOWS\System32\Wbem;C:\WINDOWS\System32\WindowsPowerShell\v1.0\;C:\WINDOWS\System32\OpenSSH\;C:\ProgramData\chocolatey\bin;C:\Program Files\PostgreSQL\16\bin;C:\Users\Yousef\AppData\Local\Programs\Python\Python3.12\Scripts;C:\Program Files\nodejs\;C:\Program Files (x86)\Java\jre-1.8\bi;C:\Users\Yousef\Desktop\Microsoft VS Code\bin;C:\Users\Yousef\Desktop\project\react-social-media-app\src\styles\flutter\bin;C:\Users\Yousef\Downloads\flutter\bin;C:\Users\Yousef\AppData\Local\GitHubDesktop\bin;C:\Program Files\Java\jdk-23\bin;
USERNAME=Yousef
OS=Windows_NT
PROCESSOR_IDENTIFIER=Intel64 Family 6 Model 142 Stepping 9, GenuineIntel
TMP=C:\Users\Yousef\AppData\Local\Temp
TEMP=C:\Users\Yousef\AppData\Local\Temp




Periodic native trim disabled

---------------  S Y S T E M  ---------------

OS:
 Windows 10 , 64 bit Build 19041 (10.0.19041.5072)
OS uptime: 0 days 15:03 hours

CPU: total 4 (initial active 4) (2 cores per cpu, 2 threads per core) family 6 model 142 stepping 9 microcode 0xb4, cx8, cmov, fxsr, ht, mmx, 3dnowpref, sse, sse2, sse3, ssse3, sse4.1, sse4.2, popcnt, lzcnt, tsc, tscinvbit, avx, avx2, aes, erms, clmul, bmi1, bmi2, rtm, adx, fma, vzeroupper, clflush, clflushopt, rdtscp, f16c
Processor Information for the first 4 processors :
  Max Mhz: 2904, Current Mhz: 2803, Mhz Limit: 2787

Memory: 4k page, system-wide physical 16222M (4326M free)
TotalPageFile size 18336M (AvailPageFile size 43M)
current process WorkingSet (physical memory assigned to process): 11M, peak: 11M
current process commit charge ("private bytes"): 52M, peak: 306M

vm_info: Java HotSpot(TM) 64-Bit Server VM (23.0.1+11-39) for windows-amd64 JRE (23.0.1+11-39), built on 2024-09-30T07:20:43Z with MS VC++ 17.6 (VS2022)

END.
